<?xml version="1.0" encoding="UTF-8"?>
<!-- Generated by org.testng.reporters.JUnitXMLReporter -->
<testsuite ignored="0" hostname="Abhishek-kumar" failures="0" tests="6" name="Default test" time="10.335" errors="0" timestamp="18 Sep 2024 18:02:37 GMT">
  <testcase classname="api.test.DataDrivenTests" name="testCreateUser" time="3.631"/>
  <testcase classname="api.test.DataDrivenTests" name="testCreateUser" time="1.287"/>
  <testcase classname="api.test.DataDrivenTests" name="testGetUser" time="1.303"/>
  <testcase classname="api.test.DataDrivenTests" name="testGetUser" time="1.239"/>
  <testcase classname="api.test.DataDrivenTests" name="testDeleteUser" time="1.602"/>
  <testcase classname="api.test.DataDrivenTests" name="testDeleteUser" time="1.248"/>
</testsuite> <!-- Default test -->
