<?xml version="1.0" encoding="UTF-8"?>
<!-- Generated by org.testng.reporters.JUnitXMLReporter -->
<testsuite ignored="0" hostname="Abhishek-kumar" failures="0" tests="4" name="Pet Store RestAssured Framework" time="9.087" errors="0" timestamp="22 Sep 2024 11:27:09 GMT">
  <testcase classname="api.test.UserPropertiesTest" name="testCreateUser" time="3.244"/>
  <testcase classname="api.test.UserPropertiesTest" name="testGetUser" time="1.363"/>
  <testcase classname="api.test.UserPropertiesTest" name="testUpdateUser" time="2.458"/>
  <testcase classname="api.test.UserPropertiesTest" name="testDeleteUser" time="1.245"/>
</testsuite> <!-- Pet Store RestAssured Framework -->
