<?xml version="1.0" encoding="UTF-8"?>
<testng-results ignored="0" total="4" passed="4" failed="0" skipped="0">
  <reporter-output>
  </reporter-output>
  <suite started-at="2024-09-22T11:27:00Z" name="Pet Store Test Suite" finished-at="2024-09-22T11:27:09Z" duration-ms="9087">
    <groups>
    </groups>
    <test started-at="2024-09-22T11:27:00Z" name="Pet Store RestAssured Framework" finished-at="2024-09-22T11:27:09Z" duration-ms="9087">
      <class name="api.test.UserPropertiesTest">
        <test-method is-config="true" signature="setUp()[pri:0, instance:api.test.UserPropertiesTest@302f7971]" started-at="2024-09-22T11:27:00Z" name="setUp" finished-at="2024-09-22T11:27:01Z" duration-ms="742" status="PASS">
          <reporter-output>
          </reporter-output>
        </test-method> <!-- setUp -->
        <test-method signature="testCreateUser()[pri:1, instance:api.test.UserPropertiesTest@302f7971]" started-at="2024-09-22T11:27:01Z" name="testCreateUser" finished-at="2024-09-22T11:27:04Z" duration-ms="3244" status="PASS">
          <reporter-output>
          </reporter-output>
        </test-method> <!-- testCreateUser -->
        <test-method signature="testGetUser()[pri:2, instance:api.test.UserPropertiesTest@302f7971]" started-at="2024-09-22T11:27:04Z" name="testGetUser" finished-at="2024-09-22T11:27:06Z" duration-ms="1363" status="PASS">
          <reporter-output>
          </reporter-output>
        </test-method> <!-- testGetUser -->
        <test-method signature="testUpdateUser()[pri:3, instance:api.test.UserPropertiesTest@302f7971]" started-at="2024-09-22T11:27:06Z" name="testUpdateUser" finished-at="2024-09-22T11:27:08Z" duration-ms="2458" status="PASS">
          <reporter-output>
          </reporter-output>
        </test-method> <!-- testUpdateUser -->
        <test-method signature="testDeleteUser()[pri:4, instance:api.test.UserPropertiesTest@302f7971]" started-at="2024-09-22T11:27:08Z" name="testDeleteUser" finished-at="2024-09-22T11:27:09Z" duration-ms="1245" status="PASS">
          <reporter-output>
          </reporter-output>
        </test-method> <!-- testDeleteUser -->
      </class> <!-- api.test.UserPropertiesTest -->
    </test> <!-- Pet Store RestAssured Framework -->
  </suite> <!-- Pet Store Test Suite -->
</testng-results>
